<?xml version="1.0" encoding="UTF-8"?>
<coverage generated="1736411986967" clover="3.2.0">
  <project timestamp="1736411986967" name="All files">
    <metrics statements="9" coveredstatements="7" conditionals="8" coveredconditionals="7" methods="2" coveredmethods="1" elements="19" coveredelements="15" complexity="0" loc="9" ncloc="9" packages="1" files="1" classes="1"/>
    <file name="middleware.ts" path="C:\Users\User\Downloads\goods-management\middleware.ts">
      <metrics statements="9" coveredstatements="7" conditionals="8" coveredconditionals="7" methods="2" coveredmethods="1"/>
      <line num="6" count="3" type="stmt"/>
      <line num="7" count="3" type="stmt"/>
      <line num="10" count="3" type="cond" truecount="4" falsecount="0"/>
      <line num="11" count="1" type="stmt"/>
      <line num="15" count="2" type="cond" truecount="3" falsecount="1"/>
      <line num="16" count="0" type="stmt"/>
      <line num="19" count="2" type="stmt"/>
      <line num="23" count="0" type="stmt"/>
      <line num="28" count="1" type="stmt"/>
    </file>
  </project>
</coverage>
